<?xml version="1.0" encoding="UTF-8"?>
<testsuite name="c2.MathApplicationTest" tests="4" skipped="0" failures="0" errors="0" timestamp="2023-09-07T04:20:51" hostname="DESKTOP-15T62O7" time="1.695">
  <properties/>
  <testcase name="subtract()" classname="c2.MathApplicationTest" time="1.654"/>
  <testcase name="divide()" classname="c2.MathApplicationTest" time="0.009"/>
  <testcase name="add()" classname="c2.MathApplicationTest" time="0.007"/>
  <testcase name="multiply()" classname="c2.MathApplicationTest" time="0.013"/>
  <system-out><![CDATA[]]></system-out>
  <system-err><![CDATA[]]></system-err>
</testsuite>
